<?xml version="1.0" encoding="UTF-8"?>
<!-- Generated by org.testng.reporters.JUnitXMLReporter -->
<testsuite ignored="0" hostname="DESKTOP-VSL548N" failures="1" tests="8" name="multiple Test" time="0.299" errors="0" timestamp="2022-06-16T22:18:24 IST">
  <testcase classname="Com.Java.testnd" name="A" time="0.032"/>
  <testcase classname="Com.Java.testnd" name="D" time="0.004"/>
  <testcase classname="Com.Java.testnd" name="C" time="0.005"/>
  <testcase classname="Com.Java.testnd" name="B" time="0.005"/>
  <testcase classname="Com.Java.testng2" name="A" time="0.003">
    <failure type="java.lang.ArithmeticException" message="/ by zero">
      <![CDATA[java.lang.ArithmeticException: / by zero
at Com.Java.testng2.A(testng2.java:8)
at java.base/java.util.ArrayList.forEach(ArrayList.java:1511)
... Removed 27 stack frames]]>
    </failure>
  </testcase> <!-- A -->
  <testcase classname="Com.Java.testng2" name="D" time="0.005"/>
  <testcase classname="Com.Java.testng2" name="C" time="0.004"/>
  <testcase classname="Com.Java.testng2" name="B" time="0.003"/>
</testsuite> <!-- multiple Test -->
