<?xml version="1.0" encoding="UTF-8"?>
<!-- Generated by org.testng.reporters.JUnitXMLReporter -->
<testsuite ignored="0" hostname="DESKTOP-VSL548N" failures="1" tests="1" name="Test" time="0.166" errors="0" timestamp="2022-06-22T21:45:37 IST">
  <testcase classname="Com.Java.Parameter" name="name" time="0.0">
    <failure type="org.testng.TestNGException" message="
Cannot inject @Test annotated Method [name] with [int, int].
For more information on native dependency injection please refer to https://testng.org/doc/documentation-main.html#native-dependency-injection">
      <![CDATA[org.testng.TestNGException: 
Cannot inject @Test annotated Method [name] with [int, int].
For more information on native dependency injection please refer to https://testng.org/doc/documentation-main.html#native-dependency-injection
at java.base/java.util.ArrayList.forEach(ArrayList.java:1511)
... Removed 26 stack frames]]>
    </failure>
  </testcase> <!-- name -->
</testsuite> <!-- Test -->
