<?xml version="1.0" encoding="UTF-8"?>
<!-- Generated by org.testng.reporters.JUnitXMLReporter -->
<testsuite ignored="0" hostname="DESKTOP-VSL548N" failures="0" tests="4" name="Testtwo" time="0.054" errors="0" timestamp="2022-06-22T21:50:57 IST">
  <testcase classname="Com.Java.testng2" name="A" time="0.006"/>
  <testcase classname="Com.Java.testng2" name="D" time="0.004"/>
  <testcase classname="Com.Java.testng2" name="C" time="0.005"/>
  <testcase classname="Com.Java.testng2" name="B" time="0.003"/>
</testsuite> <!-- Testtwo -->
