<?xml version="1.0" encoding="UTF-8"?>
<!-- Generated by org.testng.reporters.JUnitXMLReporter -->
<testsuite ignored="0" hostname="DESKTOP-VSL548N" failures="0" tests="4" name="TestOne" time="0.243" errors="0" timestamp="2022-06-22T21:50:57 IST">
  <testcase classname="Com.Java.testnd" name="A" time="0.03"/>
  <testcase classname="Com.Java.testnd" name="D" time="0.005"/>
  <testcase classname="Com.Java.testnd" name="C" time="0.006"/>
  <testcase classname="Com.Java.testnd" name="B" time="0.005"/>
</testsuite> <!-- TestOne -->
