<?xml version="1.0" encoding="UTF-8"?>
<testng-results ignored="0" total="8" passed="8" failed="0" skipped="0">
  <reporter-output>
    <line>
      <![CDATA[10]]>
    </line>
  </reporter-output>
  <suite started-at="2022-06-22T21:50:57 IST" name="Suite" finished-at="2022-06-22T21:50:57 IST" duration-ms="398">
    <groups>
    </groups>
    <test started-at="2022-06-22T21:50:57 IST" name="TestOne" finished-at="2022-06-22T21:50:57 IST" duration-ms="243">
      <class name="Com.Java.testnd">
        <test-method signature="A()[pri:1, instance:Com.Java.testnd@449a4f23]" started-at="2022-06-22T21:50:57 IST" name="A" finished-at="2022-06-22T21:50:57 IST" duration-ms="30" status="PASS">
          <reporter-output>
          </reporter-output>
        </test-method> <!-- A -->
        <test-method signature="D()[pri:2, instance:Com.Java.testnd@449a4f23]" started-at="2022-06-22T21:50:57 IST" name="D" finished-at="2022-06-22T21:50:57 IST" depends-on-methods="Com.Java.testnd.A" duration-ms="5" status="PASS">
          <reporter-output>
          </reporter-output>
        </test-method> <!-- D -->
        <test-method signature="C()[pri:3, instance:Com.Java.testnd@449a4f23]" started-at="2022-06-22T21:50:57 IST" name="C" finished-at="2022-06-22T21:50:57 IST" duration-ms="6" status="PASS">
          <reporter-output>
          </reporter-output>
        </test-method> <!-- C -->
        <test-method signature="B()[pri:4, instance:Com.Java.testnd@449a4f23]" started-at="2022-06-22T21:50:57 IST" name="B" finished-at="2022-06-22T21:50:57 IST" duration-ms="5" status="PASS">
          <reporter-output>
          </reporter-output>
        </test-method> <!-- B -->
      </class> <!-- Com.Java.testnd -->
    </test> <!-- TestOne -->
    <test started-at="2022-06-22T21:50:57 IST" name="Testtwo" finished-at="2022-06-22T21:50:57 IST" duration-ms="54">
      <class name="Com.Java.testng2">
        <test-method signature="A()[pri:1, instance:Com.Java.testng2@4d1c005e]" started-at="2022-06-22T21:50:57 IST" name="A" finished-at="2022-06-22T21:50:57 IST" duration-ms="6" status="PASS">
          <reporter-output>
            <line>
              <![CDATA[10]]>
            </line>
          </reporter-output>
        </test-method> <!-- A -->
        <test-method signature="D()[pri:2, instance:Com.Java.testng2@4d1c005e]" started-at="2022-06-22T21:50:57 IST" name="D" finished-at="2022-06-22T21:50:57 IST" duration-ms="4" status="PASS">
          <reporter-output>
          </reporter-output>
        </test-method> <!-- D -->
        <test-method signature="C()[pri:3, instance:Com.Java.testng2@4d1c005e]" started-at="2022-06-22T21:50:57 IST" name="C" finished-at="2022-06-22T21:50:57 IST" duration-ms="5" status="PASS">
          <reporter-output>
          </reporter-output>
        </test-method> <!-- C -->
        <test-method signature="B()[pri:4, instance:Com.Java.testng2@4d1c005e]" started-at="2022-06-22T21:50:57 IST" name="B" finished-at="2022-06-22T21:50:57 IST" duration-ms="3" status="PASS">
          <reporter-output>
          </reporter-output>
        </test-method> <!-- B -->
      </class> <!-- Com.Java.testng2 -->
    </test> <!-- Testtwo -->
  </suite> <!-- Suite -->
</testng-results>
